<?xml version="1.0" encoding="UTF-8"?>
<!-- Generated by org.testng.reporters.JUnitReportReporter -->
<testsuite hostname="AUSMEL295699L" name="test.Demo1" tests="1" failures="0" timestamp="27 May 2020 03:58:32 GMT" time="0.848" errors="0">
  <testcase name="login" time="0.848" classname="test.Demo1"/>
</testsuite> <!-- test.Demo1 -->
